# JRE version: Java(TM) SE Runtime Environment (15.0.2+7) (build 15.0.2+7-27)
# Java VM: Java HotSpot(TM) 64-Bit Server VM (15.0.2+7-27, mixed mode, sharing, tiered, compressed oops, g1 gc, bsd-amd64)
GC Precious Log:
 CPUs: 4 total, 4 available
 Memory: 4096M
 Large Page Support: Disabled
 NUMA Support: Disabled
 Compressed Oops: Enabled (Zero based)
 Heap Region Size: 1M
 Heap Min Capacity: 8M
 Heap Initial Capacity: 64M
 Heap Max Capacity: 1G
 Pre-touch: Disabled
 Parallel Workers: 4
 Concurrent Workers: 1
 Concurrent Refinement Workers: 4
 Periodic GC: Disabled
Heap:
 garbage-first heap   total 177152K, used 79061K [0x00000007c0000000, 0x0000000800000000)
  region size 1024K, 1 young (1024K), 0 survivors (0K)
 Metaspace       used 10165K, capacity 11884K, committed 12032K, reserved 1058816K
  class space    used 1540K, capacity 1758K, committed 1792K, reserved 1048576K
GC Heap History (20 events):
Event: 15.585 GC heap before
{Heap before GC invocations=49 (full 13):
 garbage-first heap   total 147456K, used 100035K [0x00000007c0000000, 0x0000000800000000)
  region size 1024K, 49 young (50176K), 0 survivors (0K)
 Metaspace       used 9836K, capacity 11622K, committed 11776K, reserved 1058816K
  class space    used 1474K, capacity 1693K, committed 1792K, reserved 1048576K
}
Event: 15.596 GC heap after
{Heap after GC invocations=50 (full 13):
 garbage-first heap   total 147456K, used 56798K [0x00000007c0000000, 0x0000000800000000)
  region size 1024K, 7 young (7168K), 7 survivors (7168K)
 Metaspace       used 9836K, capacity 11622K, committed 11776K, reserved 1058816K
  class space    used 1474K, capacity 1693K, committed 1792K, reserved 1048576K
}
Event: 15.725 GC heap before
{Heap before GC invocations=50 (full 13):
 garbage-first heap   total 147456K, used 104926K [0x00000007c0000000, 0x0000000800000000)
  region size 1024K, 54 young (55296K), 7 survivors (7168K)
 Metaspace       used 9901K, capacity 11654K, committed 11776K, reserved 1058816K
  class space    used 1508K, capacity 1725K, committed 1792K, reserved 1048576K
}
Event: 15.743 GC heap after
{Heap after GC invocations=51 (full 13):
 garbage-first heap   total 147456K, used 62734K [0x00000007c0000000, 0x0000000800000000)
  region size 1024K, 7 young (7168K), 7 survivors (7168K)
 Metaspace       used 9901K, capacity 11654K, committed 11776K, reserved 1058816K
  class space    used 1508K, capacity 1725K, committed 1792K, reserved 1048576K
}
Event: 15.950 GC heap before
{Heap before GC invocations=51 (full 13):
 garbage-first heap   total 147456K, used 108814K [0x00000007c0000000, 0x0000000800000000)
  region size 1024K, 52 young (53248K), 7 survivors (7168K)
 Metaspace       used 9910K, capacity 11654K, committed 11776K, reserved 1058816K
  class space    used 1508K, capacity 1725K, committed 1792K, reserved 1048576K
}
Event: 15.966 GC heap after
{Heap after GC invocations=52 (full 13):
 garbage-first heap   total 147456K, used 67664K [0x00000007c0000000, 0x0000000800000000)
  region size 1024K, 6 young (6144K), 6 survivors (6144K)
 Metaspace       used 9910K, capacity 11654K, committed 11776K, reserved 1058816K
  class space    used 1508K, capacity 1725K, committed 1792K, reserved 1048576K
}
Event: 16.027 GC heap before
{Heap before GC invocations=52 (full 13):
 garbage-first heap   total 147456K, used 111696K [0x00000007c0000000, 0x0000000800000000)
  region size 1024K, 49 young (50176K), 6 survivors (6144K)
 Metaspace       used 9912K, capacity 11654K, committed 11776K, reserved 1058816K
  class space    used 1508K, capacity 1725K, committed 1792K, reserved 1048576K
}
Event: 16.042 GC heap after
{Heap after GC invocations=53 (full 13):
 garbage-first heap   total 177152K, used 72744K [0x00000007c0000000, 0x0000000800000000)
  region size 1024K, 6 young (6144K), 6 survivors (6144K)
 Metaspace       used 9912K, capacity 11654K, committed 11776K, reserved 1058816K
  class space    used 1508K, capacity 1725K, committed 1792K, reserved 1048576K
}
Event: 16.076 GC heap before
{Heap before GC invocations=53 (full 13):
 garbage-first heap   total 177152K, used 81960K [0x00000007c0000000, 0x0000000800000000)
  region size 1024K, 16 young (16384K), 6 survivors (6144K)
 Metaspace       used 9912K, capacity 11654K, committed 11776K, reserved 1058816K
  class space    used 1508K, capacity 1725K, committed 1792K, reserved 1048576K
}
Event: 16.215 GC heap after
{Heap after GC invocations=54 (full 14):
 garbage-first heap   total 177152K, used 68123K [0x00000007c0000000, 0x0000000800000000)
  region size 1024K, 0 young (0K), 0 survivors (0K)
 Metaspace       used 9912K, capacity 11654K, committed 11776K, reserved 1058816K
  class space    used 1508K, capacity 1725K, committed 1792K, reserved 1048576K
}
Event: 16.382 GC heap before
{Heap before GC invocations=54 (full 14):
 garbage-first heap   total 177152K, used 133659K [0x00000007c0000000, 0x0000000800000000)
  region size 1024K, 64 young (65536K), 0 survivors (0K)
 Metaspace       used 9912K, capacity 11654K, committed 11776K, reserved 1058816K
  class space    used 1508K, capacity 1725K, committed 1792K, reserved 1048576K
}
Event: 16.393 GC heap after
{Heap after GC invocations=55 (full 14):
 garbage-first heap   total 177152K, used 76064K [0x00000007c0000000, 0x0000000800000000)
  region size 1024K, 8 young (8192K), 8 survivors (8192K)
 Metaspace       used 9912K, capacity 11654K, committed 11776K, reserved 1058816K
  class space    used 1508K, capacity 1725K, committed 1792K, reserved 1048576K
}
Event: 16.426 GC heap before
{Heap before GC invocations=55 (full 14):
 garbage-first heap   total 177152K, used 96544K [0x00000007c0000000, 0x0000000800000000)
  region size 1024K, 29 young (29696K), 8 survivors (8192K)
 Metaspace       used 9912K, capacity 11654K, committed 11776K, reserved 1058816K
  class space    used 1508K, capacity 1725K, committed 1792K, reserved 1048576K
}
Event: 16.548 GC heap after
{Heap after GC invocations=56 (full 15):
 garbage-first heap   total 177152K, used 77353K [0x00000007c0000000, 0x0000000800000000)
  region size 1024K, 0 young (0K), 0 survivors (0K)
 Metaspace       used 9912K, capacity 11654K, committed 11776K, reserved 1058816K
  class space    used 1508K, capacity 1725K, committed 1792K, reserved 1048576K
}
Event: 16.725 GC heap before
{Heap before GC invocations=56 (full 15):
 garbage-first heap   total 177152K, used 135721K [0x00000007c0000000, 0x0000000800000000)
  region size 1024K, 57 young (58368K), 0 survivors (0K)
 Metaspace       used 9914K, capacity 11654K, committed 11776K, reserved 1058816K
  class space    used 1508K, capacity 1725K, committed 1792K, reserved 1048576K
}
Event: 16.736 GC heap after
{Heap after GC invocations=57 (full 15):
 garbage-first heap   total 177152K, used 84201K [0x00000007c0000000, 0x0000000800000000)
  region size 1024K, 7 young (7168K), 7 survivors (7168K)
 Metaspace       used 9914K, capacity 11654K, committed 11776K, reserved 1058816K
  class space    used 1508K, capacity 1725K, committed 1792K, reserved 1048576K
}
Event: 19.147 GC heap before
{Heap before GC invocations=58 (full 15):
 garbage-first heap   total 177152K, used 95465K [0x00000007c0000000, 0x0000000800000000)
  region size 1024K, 19 young (19456K), 7 survivors (7168K)
 Metaspace       used 10165K, capacity 11884K, committed 12032K, reserved 1058816K
  class space    used 1540K, capacity 1758K, committed 1792K, reserved 1048576K
}
Event: 19.323 GC heap after
{Heap after GC invocations=59 (full 16):
 garbage-first heap   total 177152K, used 79062K [0x00000007c0000000, 0x0000000800000000)
  region size 1024K, 0 young (0K), 0 survivors (0K)
 Metaspace       used 10165K, capacity 11884K, committed 12032K, reserved 1058816K
  class space    used 1540K, capacity 1758K, committed 1792K, reserved 1048576K
}
Event: 28.132 GC heap before
{Heap before GC invocations=59 (full 16):
 garbage-first heap   total 177152K, used 79062K [0x00000007c0000000, 0x0000000800000000)
  region size 1024K, 1 young (1024K), 0 survivors (0K)
 Metaspace       used 10165K, capacity 11884K, committed 12032K, reserved 1058816K
  class space    used 1540K, capacity 1758K, committed 1792K, reserved 1048576K
}
Event: 28.327 GC heap after
{Heap after GC invocations=60 (full 17):
 garbage-first heap   total 177152K, used 79061K [0x00000007c0000000, 0x0000000800000000)
  region size 1024K, 0 young (0K), 0 survivors (0K)
 Metaspace       used 10165K, capacity 11884K, committed 12032K, reserved 1058816K
  class space    used 1540K, capacity 1758K, committed 1792K, reserved 1048576K
}

